<?xml version="1.0" encoding="UTF-8"?>
<!-- Generated by org.testng.reporters.JUnitReportReporter -->
<testsuite hostname="yathishgowda-PC" failures="0" tests="1" name="RestAssuredAPI.EndToEndTest" time="6.792" errors="0" timestamp="16 Dec 2022 04:22:27 GMT" skipped="0">
  <testcase classname="RestAssuredAPI.EndToEndTest" name="Test" time="6.792"/>
</testsuite> <!-- RestAssuredAPI.EndToEndTest -->
